<?xml version="1.0" encoding="UTF-8"?>
<!-- Generated by org.testng.reporters.JUnitXMLReporter -->
<testsuite hostname="DESKTOP-8B60BQ6" ignored="0" name="Test" tests="4" failures="0" timestamp="16 Jul 2019 17:33:00 GMT" time="63.319" errors="0">
  <testcase name="basePageNavigation" time="0.406" classname="Academy.validateTitle"/>
  <testcase name="basePageNavigation" time="0.181" classname="Academy.validateNavigationBar"/>
  <testcase name="basePageNavigation" time="15.181" classname="Academy.HomePage"/>
  <testcase name="basePageNavigation" time="9.891" classname="Academy.HomePage"/>
</testsuite> <!-- Test -->
